
19.5
19.5
19.5
19.5
19.5
19.5
19.5
19.5
19.5
19.5
19.5
19.5
19.5
19.5
19.5
19.5
19.5
19.5
19.5
19.5
19.5
19.5
19.5
19.5
19.5
19.5
19.5
19.5
19.562
19.812
21.5
22.937
24.0
24.312
24.187
24.0
23.75
23.5
23.312
23.187
23.0
22.812
22.687
22.562
22.437
22.312
22.25
22.125
22.062
22.0
21.937
21.812
21.75
21.687
21.625
21.625
21.562
21.5
21.437
21.375
21.312
21.312
21.25
21.25
21.187
21.125
21.125
21.062
21.062
21.0
21.0
20.937
19.937
20.0
19.937
19.937
19.937
19.937
19.937
19.937
19.937
19.937
19.937
19.937
19.937
19.937
19.937
19.875
19.937
19.875
19.875
19.875
19.875
19.875
19.875
19.875
19.875
19.875
19.875
19.875
19.875
19.875
19.875
19.875
19.875
19.812
19.812
19.812
19.812
19.812
19.812
19.812
19.812
19.812
19.812
19.812
19.812
19.812
19.812
19.812
19.812
19.812
19.812
19.812
19.812
19.75
19.812
19.812
19.812
19.812
19.812
19.812
19.75
19.812
19.75
19.75
19.75
19.75
19.75
19.75
19.75
19.75
19.75
19.75
19.75
19.75
19.75
19.75
19.75
19.75
19.75
19.75
19.75
19.75
19.75
19.75
19.687
19.687
19.687
19.75
19.687
19.687
19.75
19.687
19.687
19.687
19.687
19.687
19.687
19.687
19.687
19.5
19.562
19.5
19.562
19.562
19.562
19.562
19.5
19.562
19.562
19.562
19.562
19.562
19.562
19.562
19.562
19.562
19.562
19.562
19.562
19.562
19.562
19.562
19.562
19.562
19.562
19.562
19.562
19.562
19.562
19.562
19.562
19.562
19.562
19.562
19.562
19.562
19.562
19.562
19.562
19.562
19.562
19.562
19.562
19.562
19.562
19.562
19.562
19.562
19.562
19.562
19.562
19.562
19.562
19.562
19.562
19.625
21.5
23.687
25.187
25.875
25.75
25.5
25.25
24.937
24.625
24.437
24.187
24.0
23.812
23.625
23.437
23.312
23.187
23.062
22.937
22.812
22.75
22.625
22.562
22.437
22.375
22.25
22.187
22.125
22.062
22.0
21.937
21.875
21.812
21.75
21.75
21.687
21.625
21.562
21.562
21.5
21.5
21.437
21.375
21.375
21.312
21.25
21.25
21.187
21.187
21.125
21.125
21.062
21.062
21.062
21.0
21.0
20.937
20.937
20.875
20.875
20.875
20.875
20.812
20.812
20.75
20.75
20.75
20.687
20.687
20.687
20.625
20.625
20.625
20.625
20.562
20.562
20.562
20.562
20.562
20.5
20.5
20.5
20.5
20.5
20.437
20.437
20.437
20.437
20.375
20.375
20.375
20.375
20.375
20.375
20.312
20.375
20.312
20.312
20.312
20.25
20.25
20.25
20.25
20.25
20.25
20.25
20.25
20.187
20.187
20.187
20.187
20.187
20.187
20.187
20.125
20.125
20.125
20.125
20.125
20.125
20.125
20.125
20.125
20.062
20.125
20.062
20.062
20.062
20.062
20.062
20.062
20.062
20.062
20.062
20.0
20.0
20.0
20.0
20.0
20.0
20.0
20.0
20.0
20.0
20.0
20.0
20.0
20.0
20.0
19.937
19.937
19.937
19.937
19.937
19.937
19.937
19.937
19.937
19.937
19.937
19.937
19.937
19.937
19.937
19.875
19.875
19.875
19.875
19.875
19.875
19.875
19.875
19.875
19.875
19.875
19.875
19.875
19.875
19.812
19.875
19.875
19.875
19.812
19.875
19.812
19.812
19.812
19.812
19.812
19.812
19.812
19.812
19.812
19.812
19.812
19.812
19.812
19.812
19.812
19.812
19.812
19.812
19.812
19.812
19.812
19.812
19.812
19.812
19.812
19.75
19.812
19.75
19.812
19.812
19.75
19.75
19.812
19.812
19.75
19.75
19.75
19.75
19.75
19.75
19.75
19.75
19.75
19.75
19.75
19.75
19.75
19.75
19.75
19.75
19.75
19.75
19.75
19.75
19.75
19.75
19.75
19.75
19.75
19.75
19.687
19.75
19.75
19.75
19.687
19.687
19.687
19.687
19.75
19.687
19.75
19.687
19.687
19.75
19.75
19.687
19.687
19.687
19.687
19.687
19.687
19.75
19.687
19.687
19.687
19.687
19.687
19.687
19.687
19.687
19.687
19.687
19.687
19.687
19.687
19.687
19.687
19.687
19.687
19.687
19.687
19.687
19.687
19.687
19.687
19.687
19.687
19.687
19.687
19.687
19.687
19.687
19.687
19.687
19.687
19.687
19.687
19.687
19.687
19.687
19.687
19.687
19.687
19.687
19.687
19.687
19.687
19.687
19.687
19.687
19.687
19.687
19.687
19.687
19.687
19.687
19.687
19.687
19.687
19.687
19.687
19.687
19.687
19.687
19.687
19.687
19.687
19.687
19.625
19.625
19.687
19.625
19.687
19.625
19.687
19.687
19.687
19.625
19.687
19.687
19.625
19.687
19.625
19.687
19.687
19.687
19.625
19.687
19.687
19.687
19.687
19.687
19.687
19.625
19.625
19.625
19.687
19.625
19.687
19.625
19.687
19.625
19.625
19.625
19.687
19.687
19.625
19.687
19.625
19.625
19.625
19.687
19.625
19.625
19.687
19.625
19.625
19.625
19.625
19.625
19.625
19.625
19.625
19.625
19.625
19.625
19.625
19.625
19.625
19.625
19.625
19.625
19.625
19.625
19.625
19.625
19.625
19.625