
19.312'20151018-122956'
19.312'20151018-122956'
19.312'20151018-122956'
19.312'20151018-122956'
19.312'20151018-122956'
19.312'20151018-122956'
19.312'20151018-123337'
19.312'2015-10-18 12:34:26'
19.375'2015-10-18 12:34:26'
19.375'2015-10-18 12:34:26'
19.375'2015-10-18 12:34:26'
19.375'2015-10-18 12:34:26'
19.375'2015-10-18 12:34:26'
19.375'2015-10-18 12:34:26'
19.375'2015-10-18 12:34:26'
19.375'2015-10-18 12:34:26'
19.375'2015-10-18 12:34:26'
19.375'2015-10-18 12:34:26'
19.375'2015-10-18 12:34:26'
19.375'2015-10-18 12:34:26'
19.375'2015-10-18 12:34:26'
19.375'2015-10-18 12:34:26'
19.437'2015-10-18 12:34:26'
20.5'2015-10-18 12:34:26'
22.125'2015-10-18 12:34:26'
23.375'2015-10-18 12:34:26'
24.187'2015-10-18 12:34:26'
24.75'2015-10-18 12:34:26'
25.187'2015-10-18 12:34:26'
25.562'2015-10-18 12:34:26'
25.812'2015-10-18 12:34:26'
26.0'2015-10-18 12:34:26'
25.75'2015-10-18 12:34:26'
25.437'2015-10-18 12:34:26'
25.125'2015-10-18 12:34:26'
24.812'2015-10-18 12:34:26'
24.5'2015-10-18 12:34:26'
24.312'2015-10-18 12:34:26'
24.062'2015-10-18 12:34:26'
23.875'2015-10-18 12:34:26'
23.687'2015-10-18 12:34:26'
23.5'2015-10-18 12:34:26'
23.375'2015-10-18 12:34:26'
23.25'2015-10-18 12:34:26'
23.125'2015-10-18 12:34:26'
23.0'2015-10-18 12:34:26'
22.875'2015-10-18 12:34:26'
22.75'2015-10-18 12:34:26'
22.687'2015-10-18 12:34:26'
22.562'2015-10-18 12:34:26'
22.5'2015-10-18 12:34:26'
22.375'2015-10-18 12:34:26'
22.312'2015-10-18 12:34:26'
22.25'2015-10-18 12:34:26'
22.187'2015-10-18 12:34:26'
22.125'2015-10-18 12:34:26'
22.062'2015-10-18 12:34:26'
22.0'2015-10-18 12:34:26'
21.937'2015-10-18 12:34:26'
21.875'2015-10-18 12:34:26'
21.812'2015-10-18 12:34:26'
21.75'2015-10-18 12:34:26'
21.75'2015-10-18 12:34:26'
21.687'2015-10-18 12:34:26'
21.625'2015-10-18 12:34:26'
21.562'2015-10-18 12:34:26'
21.562'2015-10-18 12:34:26'
21.5'2015-10-18 12:34:26'
21.5'2015-10-18 12:34:26'
21.437'2015-10-18 12:34:26'
21.375'2015-10-18 12:34:26'
21.375'2015-10-18 12:34:26'
21.312'2015-10-18 12:34:26'
21.25'2015-10-18 12:34:26'
21.25'2015-10-18 12:34:26'
21.187'2015-10-18 12:34:26'
21.187'2015-10-18 12:34:26'
21.125'2015-10-18 12:34:26'
21.125'2015-10-18 12:34:26'
21.062'2015-10-18 12:34:26'
21.062'2015-10-18 12:34:26'
21.062'2015-10-18 12:34:26'
21.0'2015-10-18 12:34:26'
21.0'2015-10-18 12:34:26'
20.937'2015-10-18 12:34:26'
20.937'2015-10-18 12:34:26'
20.937'2015-10-18 12:34:26'
20.875'2015-10-18 12:34:26'
20.875'2015-10-18 12:34:26'
20.875'2015-10-18 12:34:26'
20.812'2015-10-18 12:34:26'
20.812'2015-10-18 12:34:26'
20.812'2015-10-18 12:34:26'
20.75'2015-10-18 12:34:26'
20.75'2015-10-18 12:34:26'
20.75'2015-10-18 12:34:26'
20.687'2015-10-18 12:34:26'
20.687'2015-10-18 12:34:26'
20.687'2015-10-18 12:34:26'
20.687'2015-10-18 12:34:26'
20.625'2015-10-18 12:34:26'
20.5'2015-10-18 12:38:49'
20.5'2015-10-18 12:38:52'
20.5'2015-10-18 12:38:55'
20.5'2015-10-18 12:38:57'
20.5'2015-10-18 12:39:00'
20.5'2015-10-18 12:39:03'
20.437'2015-10-18 12:39:05'
20.437'2015-10-18 12:39:08'
20.437'2015-10-18 12:39:10'
20.312
19.752015-10-18 12:43:24
19.752015-10-18 12:43:26
19.752015-10-18 12:43:29
19.752015-10-18 12:43:32
19.752015-10-18 12:43:34
19.752015-10-18 12:43:37
19.752015-10-18 12:43:40
19.752015-10-18 12:43:42
19.752015-10-18 12:43:45
19.625 2015-10-18 12:46:32
19.625 2015-10-18 12:46:35
19.625 2015-10-18 12:46:37
19.625 2015-10-18 12:46:40
19.625 2015-10-18 12:46:42
19.625 2015-10-18 12:46:45
19.625 2015-10-18 12:46:48
19.625 2015-10-18 12:46:50
19.625 2015-10-18 12:46:53
19.625 2015-10-18 12:46:56
19.625 2015-10-18 12:46:58
19.625 2015-10-18 12:47:01
19.625 2015-10-18 12:47:04
19.562 2015-10-18 12:47:49
19.625 2015-10-18 12:47:52
19.625 2015-10-18 12:47:55
19.625 2015-10-18 12:47:57
19.625 2015-10-18 12:48:00
19.625 2015-10-18 12:48:03
19.625 2015-10-18 12:48:05
19.625 2015-10-18 12:48:08
19.625 2015-10-18 12:48:10
19.625 2015-10-18 12:48:13
19.625 2015-10-18 12:48:16
19.5 2015-10-18 13:01:55
19.5 2015-10-18 13:01:58
19.5 2015-10-18 13:02:01
19.5 2015-10-18 13:02:03
19.562 2015-10-18 13:02:06
19.562 2015-10-18 13:02:08
19.5 2015-10-18 13:03:18
19.5 2015-10-18 13:03:20
19.5 2015-10-18 13:03:21
19.5 2015-10-18 13:03:23
19.5 2015-10-18 13:03:25
19.5 2015-10-18 13:03:27
19.5 2015-10-18 13:03:29
19.5 2015-10-18 13:03:30
19.5 2015-10-18 13:03:32
19.5 2015-10-18 13:03:34
19.5 2015-10-18 13:03:36
19.5 2015-10-18 13:03:38
19.5 2015-10-18 13:03:40
19.5 2015-10-18 13:03:41
19.5 2015-10-18 13:03:43
19.5 2015-10-18 13:03:45
19.5 2015-10-18 13:03:47
19.562 2015-10-18 13:03:49
19.5 2015-10-18 13:03:50
19.5 2015-10-18 13:03:52
19.5 2015-10-18 13:03:54
19.5 2015-10-18 13:03:56
19.5 2015-10-18 13:03:58
19.5 2015-10-18 13:04:00
19.5 2015-10-18 13:04:01
19.437 2015-10-18 13:07:00
19.5 2015-10-18 13:07:02
19.5 2015-10-18 13:07:04
19.5 2015-10-18 13:07:06
19.5 2015-10-18 13:07:07
19.5 2015-10-18 13:07:09
19.5 2015-10-18 13:07:11
19.5 2015-10-18 13:07:13
19.5 2015-10-18 13:07:15
19.5 2015-10-18 13:07:17
19.5 2015-10-18 13:07:18
19.5 2015-10-18 13:07:20
19.5 2015-10-18 13:07:22
19.5 2015-10-18 13:07:24
19.5 2015-10-18 13:07:26
19.5 2015-10-18 13:07:28
19.5 2015-10-18 13:07:29
19.5 2015-10-18 13:07:31
19.5 2015-10-18 13:07:33
19.5 2015-10-18 13:07:35
19.5 2015-10-18 13:07:50
19.5 2015-10-18 13:07:52
19.5 2015-10-18 13:07:54
19.5 2015-10-18 13:07:55
19.5 2015-10-18 13:07:57
19.5 2015-10-18 13:07:59
19.5 2015-10-18 13:08:01
19.5 2015-10-18 13:08:03
19.5 2015-10-18 13:08:05
19.5 2015-10-18 13:08:06
19.5 2015-10-18 13:08:08
19.5 2015-10-18 13:08:10
19.5 2015-10-18 13:08:12
19.5 2015-10-18 13:08:14
19.5 2015-10-18 13:08:15
19.5 2015-10-18 13:08:17
19.5 2015-10-18 13:08:19
19.5 2015-10-18 13:08:21
19.5 2015-10-18 13:08:23
19.5 2015-10-18 13:08:25
19.5 2015-10-18 13:08:26
19.5 2015-10-18 13:08:28
19.5 2015-10-18 13:08:30
19.5 2015-10-18 13:08:32
19.5 2015-10-18 13:08:34
19.5 2015-10-18 13:08:35
19.5 2015-10-18 13:08:37
19.5 2015-10-18 13:08:39
19.5 2015-10-18 13:08:41
19.5 2015-10-18 13:08:43
19.5 2015-10-18 13:08:45
19.5 2015-10-18 13:08:46
19.5 2015-10-18 13:08:48
19.5 2015-10-18 13:08:50
19.5 2015-10-18 13:08:52
19.5 2015-10-18 13:08:54
19.5 2015-10-18 13:08:55
19.5 2015-10-18 13:08:57
19.5 2015-10-18 13:08:59
19.5 2015-10-18 13:09:01
19.5 2015-10-18 13:09:03
19.5 2015-10-18 13:09:05
19.5 2015-10-18 13:09:06
19.5 2015-10-18 13:09:08
19.5 2015-10-18 13:09:10
19.5 2015-10-18 13:09:12
19.5 2015-10-18 13:09:14
19.5 2015-10-18 13:09:16
19.5 2015-10-18 13:09:17
19.5 2015-10-18 13:09:19
19.5 2015-10-18 13:09:21
19.5 2015-10-18 13:09:23
19.5 2015-10-18 13:09:25
19.5 2015-10-18 13:09:26
19.5 2015-10-18 13:09:28
19.5 2015-10-18 13:09:30
19.5 2015-10-18 13:09:32
19.5 2015-10-18 13:09:34
19.5 2015-10-18 13:09:36
19.5 2015-10-18 13:09:37
19.5 2015-10-18 13:09:39
19.5 2015-10-18 13:09:41
19.5 2015-10-18 13:09:43
19.5 2015-10-18 13:09:45
19.5 2015-10-18 13:09:46
19.5 2015-10-18 13:09:48
19.5 2015-10-18 13:09:50
19.5 2015-10-18 13:09:52
19.5 2015-10-18 13:09:54
19.5 2015-10-18 13:09:56
19.5 2015-10-18 13:09:57
19.5 2015-10-18 13:09:59
19.5 2015-10-18 13:10:01
19.5 2015-10-18 13:10:03
19.5 2015-10-18 13:10:05
19.5 2015-10-18 13:10:06
19.5 2015-10-18 13:10:08
19.5 2015-10-18 13:10:10
19.5 2015-10-18 13:10:12
19.5 2015-10-18 13:10:14
19.5 2015-10-18 13:10:16
19.5 2015-10-18 13:10:17
19.5 2015-10-18 13:10:19
19.5 2015-10-18 13:10:21
19.5 2015-10-18 13:10:23
19.5 2015-10-18 13:10:25
19.562 2015-10-18 13:10:27
19.5 2015-10-18 13:10:28
19.5 2015-10-18 13:10:30
19.5 2015-10-18 13:10:32
19.5 2015-10-18 13:10:34
19.5 2015-10-18 13:10:36
19.5 2015-10-18 13:10:37
19.5 2015-10-18 13:10:39
19.5 2015-10-18 13:10:41
19.5 2015-10-18 13:10:43
19.5 2015-10-18 13:10:45
19.5 2015-10-18 13:10:47
19.562 2015-10-18 13:10:48
19.5 2015-10-18 13:10:50
19.562 2015-10-18 13:10:52
19.5 2015-10-18 13:10:54
19.562 2015-10-18 13:10:56
19.562 2015-10-18 13:10:57
19.562 2015-10-18 13:10:59
19.562 2015-10-18 13:11:01
19.562 2015-10-18 13:11:03
19.562 2015-10-18 13:11:05
19.5 2015-10-18 13:11:07
19.5 2015-10-18 13:11:08
19.562 2015-10-18 13:11:10
19.562 2015-10-18 13:11:12
19.562 2015-10-18 13:11:14
19.562 2015-10-18 13:11:16
19.5 2015-10-18 13:11:17
19.562 2015-10-18 13:11:19
19.562 2015-10-18 13:11:21
19.562 2015-10-18 13:11:23
19.562 2015-10-18 13:11:25
19.562 2015-10-18 13:11:27
19.562 2015-10-18 13:11:28
19.5 2015-10-18 13:11:30
19.562 2015-10-18 13:11:32
19.5 2015-10-18 13:11:34
19.5 2015-10-18 13:11:36
19.562 2015-10-18 13:11:37
19.562 2015-10-18 13:11:39
19.562 2015-10-18 13:11:41
19.562 2015-10-18 13:11:43
19.562 2015-10-18 13:11:45
19.562 2015-10-18 13:11:47
19.562 2015-10-18 13:11:48
19.562 2015-10-18 13:11:50
19.562 2015-10-18 13:11:52
19.562 2015-10-18 13:11:54
19.562 2015-10-18 13:11:56
19.562 2015-10-18 13:11:58
19.562 2015-10-18 13:11:59
19.562 2015-10-18 13:12:01
19.562 2015-10-18 13:12:03
19.562 2015-10-18 13:12:05
19.562 2015-10-18 13:12:07
19.562 2015-10-18 13:12:08
19.562 2015-10-18 13:12:10
19.562 2015-10-18 13:12:12
19.562 2015-10-18 13:12:14
19.562 2015-10-18 13:12:16
19.562 2015-10-18 13:12:18
19.562 2015-10-18 13:12:19
19.562 2015-10-18 13:12:21
19.562 2015-10-18 13:12:23
19.562 2015-10-18 13:12:25
19.562 2015-10-18 13:12:27
19.562 2015-10-18 13:12:29
19.562 2015-10-18 13:12:30
19.562 2015-10-18 13:12:32
19.562 2015-10-18 13:12:34
19.562 2015-10-18 13:12:36
19.562 2015-10-18 13:12:38
19.562 2015-10-18 13:12:39
19.562 2015-10-18 13:12:41
19.562 2015-10-18 13:12:43
19.562 2015-10-18 13:12:45
19.562 2015-10-18 13:12:47
19.562 2015-10-18 13:12:49
19.562 2015-10-18 13:12:50
19.562 2015-10-18 13:12:52
19.562 2015-10-18 13:12:54
19.562 2015-10-18 13:12:56
19.562 2015-10-18 13:12:58
19.562 2015-10-18 13:13:00
19.562 2015-10-18 13:13:01
19.562 2015-10-18 13:13:03
19.625 2015-10-18 13:13:05
19.625 2015-10-18 13:13:07
19.625 2015-10-18 13:13:09
19.625 2015-10-18 13:13:11
19.562 2015-10-18 13:13:12
19.625 2015-10-18 13:13:14
19.625 2015-10-18 13:13:16
19.562 2015-10-18 13:13:18
19.625 2015-10-18 13:13:20
19.625 2015-10-18 13:13:22
19.625 2015-10-18 13:13:23
19.625 2015-10-18 13:13:25
19.625 2015-10-18 13:13:27
19.625 2015-10-18 13:13:29
19.625 2015-10-18 13:13:31
19.625 2015-10-18 13:13:33
19.625 2015-10-18 13:13:34
19.625 2015-10-18 13:13:36
19.625 2015-10-18 13:13:38
19.625 2015-10-18 13:13:40
19.625 2015-10-18 13:13:42
19.625 2015-10-18 13:13:44
19.625 2015-10-18 13:13:45
19.625 2015-10-18 13:13:47
19.625 2015-10-18 13:13:49
19.625 2015-10-18 13:13:51
19.625 2015-10-18 13:13:53
19.625 2015-10-18 13:13:55
19.625 2015-10-18 13:13:56
19.625 2015-10-18 13:13:58
19.625 2015-10-18 13:14:00
19.625 2015-10-18 13:14:02
19.625 2015-10-18 13:14:04
19.625 2015-10-18 13:14:06
19.625 2015-10-18 13:14:07
19.625 2015-10-18 13:14:09
19.625 2015-10-18 13:14:11
19.625 2015-10-18 13:14:13
19.625 2015-10-18 13:14:15
19.625 2015-10-18 13:14:17
19.625 2015-10-18 13:14:18
19.625 2015-10-18 13:14:20
19.625 2015-10-18 13:14:22
19.625 2015-10-18 13:14:24
19.625 2015-10-18 13:14:26
19.625 2015-10-18 13:14:27
19.625 2015-10-18 13:14:29
19.625 2015-10-18 13:14:31
19.625 2015-10-18 13:14:33
19.625 2015-10-18 13:14:35
19.625 2015-10-18 13:14:37
19.625 2015-10-18 13:14:38
19.625 2015-10-18 13:14:40
19.625 2015-10-18 13:14:42
19.625 2015-10-18 13:14:44
19.625 2015-10-18 13:14:46
19.625 2015-10-18 13:14:48
19.625 2015-10-18 13:14:49
19.625 2015-10-18 13:14:51
19.625 2015-10-18 13:14:53
19.625 2015-10-18 13:14:55
19.625 2015-10-18 13:14:57
19.625 2015-10-18 13:14:59
19.625 2015-10-18 13:15:00
19.625 2015-10-18 13:15:02
19.625 2015-10-18 13:15:04
19.625 2015-10-18 13:15:06
19.625 2015-10-18 13:15:08
19.625 2015-10-18 13:15:10
19.625 2015-10-18 13:15:11
19.625 2015-10-18 13:15:13
19.625 2015-10-18 13:15:15
19.625 2015-10-18 13:15:17
19.625 2015-10-18 13:15:19
19.625 2015-10-18 13:15:21
19.625 2015-10-18 13:15:22
19.625 2015-10-18 13:15:24
19.625 2015-10-18 13:15:26
19.625 2015-10-18 13:15:28
19.625 2015-10-18 13:15:30
19.625 2015-10-18 13:15:32
19.625 2015-10-18 13:15:33
19.625 2015-10-18 13:15:35
19.625 2015-10-18 13:15:37
19.625 2015-10-18 13:15:39
19.625 2015-10-18 13:15:41
19.625 2015-10-18 13:15:43
19.625 2015-10-18 13:15:44
19.625 2015-10-18 13:15:46
19.625 2015-10-18 13:15:48
19.625 2015-10-18 13:15:50
19.625 2015-10-18 13:15:52
19.625 2015-10-18 13:15:54
19.625 2015-10-18 13:15:55
19.625 2015-10-18 13:15:57
19.625 2015-10-18 13:15:59
19.625 2015-10-18 13:16:01
19.625 2015-10-18 13:16:03
19.625 2015-10-18 13:16:05
19.625 2015-10-18 13:16:06
19.625 2015-10-18 13:16:08
19.625 2015-10-18 13:16:10
19.625 2015-10-18 13:16:12
19.625 2015-10-18 13:16:14
19.625 2015-10-18 13:16:16
19.625 2015-10-18 13:16:17
19.625 2015-10-18 13:16:19
19.625 2015-10-18 13:16:21
19.625 2015-10-18 13:16:23
19.625 2015-10-18 13:16:25
19.625 2015-10-18 13:16:26
19.625 2015-10-18 13:16:28
19.625 2015-10-18 13:16:30
19.625 2015-10-18 13:16:32
19.625 2015-10-18 13:16:34
19.625 2015-10-18 13:16:36
19.625 2015-10-18 13:16:37
19.625 2015-10-18 13:16:39
19.625 2015-10-18 13:16:41
19.625 2015-10-18 13:16:43
19.625 2015-10-18 13:16:45
19.625 2015-10-18 13:16:47
19.625 2015-10-18 13:16:48
19.625 2015-10-18 13:16:50
19.625 2015-10-18 13:16:52
19.625 2015-10-18 13:16:54
19.625 2015-10-18 13:16:56
19.625 2015-10-18 13:16:58
19.625 2015-10-18 13:16:59
19.625 2015-10-18 13:17:01
19.625 2015-10-18 13:17:03
19.625 2015-10-18 13:17:05
19.625 2015-10-18 13:17:07
19.625 2015-10-18 13:17:09
19.625 2015-10-18 13:17:10
19.625 2015-10-18 13:17:12
19.625 2015-10-18 13:17:14
19.625 2015-10-18 13:17:16
19.625 2015-10-18 13:17:18
19.687 2015-10-18 13:17:20
19.625 2015-10-18 13:17:21
19.625 2015-10-18 13:17:23
19.625 2015-10-18 13:17:25
19.625 2015-10-18 13:17:27
19.625 2015-10-18 13:17:29
19.625 2015-10-18 13:17:31
19.625 2015-10-18 13:17:32
19.625 2015-10-18 13:17:34
19.625 2015-10-18 13:17:36
19.625 2015-10-18 13:17:38
19.625 2015-10-18 13:17:40
19.625 2015-10-18 13:17:42
19.625 2015-10-18 13:17:43
19.625 2015-10-18 13:17:45
19.625 2015-10-18 13:17:47
19.625 2015-10-18 13:17:49
19.625 2015-10-18 13:17:51
19.625 2015-10-18 13:17:53
19.687 2015-10-18 13:17:54
19.625 2015-10-18 13:17:56
19.687 2015-10-18 13:17:58
19.625 2015-10-18 13:18:00
19.625 2015-10-18 13:18:02
19.625 2015-10-18 13:18:04
19.625 2015-10-18 13:18:05
19.625 2015-10-18 13:18:07
19.625 2015-10-18 13:18:09
19.687 2015-10-18 13:18:11
19.625 2015-10-18 13:18:13
19.625 2015-10-18 13:18:15
19.625 2015-10-18 13:18:16
19.625 2015-10-18 13:18:18
19.625 2015-10-18 13:18:20
19.625 2015-10-18 13:18:22
19.625 2015-10-18 13:18:24
19.625 2015-10-18 13:18:26
19.625 2015-10-18 13:18:27
19.625 2015-10-18 13:18:29
19.625 2015-10-18 13:18:31
19.625 2015-10-18 13:18:33
19.625 2015-10-18 13:18:35
19.625 2015-10-18 13:18:37
19.625 2015-10-18 13:18:38
19.625 2015-10-18 13:18:40
19.625 2015-10-18 13:18:42
19.625 2015-10-18 13:18:44
19.625 2015-10-18 13:18:46
19.687 2015-10-18 13:18:48
19.625 2015-10-18 13:18:49
19.625 2015-10-18 13:18:51
19.625 2015-10-18 13:18:53
19.625 2015-10-18 13:18:55
19.625 2015-10-18 13:18:57
19.625 2015-10-18 13:18:59
19.625 2015-10-18 13:19:00
19.625 2015-10-18 13:19:02
19.625 2015-10-18 13:19:04
19.625 2015-10-18 13:19:06
19.625 2015-10-18 13:19:08
19.625 2015-10-18 13:19:10
19.625 2015-10-18 13:19:11
19.625 2015-10-18 13:19:13
19.625 2015-10-18 13:19:15
19.687 2015-10-18 13:19:17
19.625 2015-10-18 13:19:19
19.625 2015-10-18 13:19:20
19.687 2015-10-18 13:19:22
19.625 2015-10-18 13:19:24
19.625 2015-10-18 13:19:26
19.625 2015-10-18 13:19:28
19.625 2015-10-18 13:19:30
19.625 2015-10-18 13:19:32
19.625 2015-10-18 13:19:33
19.625 2015-10-18 13:19:35
19.625 2015-10-18 13:19:37
19.625 2015-10-18 13:19:39
19.687 2015-10-18 13:19:41
19.687 2015-10-18 13:19:43
19.687 2015-10-18 13:19:44
19.625 2015-10-18 13:19:46
19.625 2015-10-18 13:19:48
19.625 2015-10-18 13:19:50
19.687 2015-10-18 13:19:52
19.625 2015-10-18 13:19:54
19.687 2015-10-18 13:19:55
19.687 2015-10-18 13:19:57
19.687 2015-10-18 13:19:59
19.687 2015-10-18 13:20:01
19.687 2015-10-18 13:20:03
19.625 2015-10-18 13:20:05
19.625 2015-10-18 13:20:06
19.625 2015-10-18 13:20:08
19.625 2015-10-18 13:20:10
19.625 2015-10-18 13:20:12
19.687 2015-10-18 13:20:14
19.625 2015-10-18 13:20:16
19.625 2015-10-18 13:20:17
19.687 2015-10-18 13:20:19
19.625 2015-10-18 13:20:21
19.625 2015-10-18 13:20:24
19.625 2015-10-18 13:20:26
19.625 2015-10-18 13:20:27
19.625 2015-10-18 13:20:29
19.625 2015-10-18 13:20:31
19.625 2015-10-18 13:20:33
19.625 2015-10-18 13:20:35
19.625 2015-10-18 13:20:36
19.625 2015-10-18 13:20:38
19.625 2015-10-18 13:20:40
19.625 2015-10-18 13:20:42
19.625 2015-10-18 13:20:44
19.625 2015-10-18 13:20:46
19.625 2015-10-18 13:20:47
19.625 2015-10-18 13:20:49
19.625 2015-10-18 13:20:51
19.625 2015-10-18 13:20:53
19.625 2015-10-18 13:20:55
19.625 2015-10-18 13:20:57
19.625 2015-10-18 13:20:58
19.625 2015-10-18 13:21:00
19.625 2015-10-18 13:21:02
19.625 2015-10-18 13:21:04
19.625 2015-10-18 13:21:06
19.625 2015-10-18 13:21:08
19.625 2015-10-18 13:21:09
19.625 2015-10-18 13:21:11
19.625 2015-10-18 13:21:13
19.625 2015-10-18 13:21:15
19.625 2015-10-18 13:21:17
19.625 2015-10-18 13:21:19
19.625 2015-10-18 13:21:20
19.625 2015-10-18 13:21:22
19.625 2015-10-18 13:21:24
19.625 2015-10-18 13:21:26
19.625 2015-10-18 13:21:28
19.625 2015-10-18 13:21:30
19.625 2015-10-18 13:21:31
19.625 2015-10-18 13:21:33
19.562 2015-10-18 13:21:35
19.625 2015-10-18 13:21:37
19.562 2015-10-18 13:21:39
19.562 2015-10-18 13:21:41
19.625 2015-10-18 13:21:42
19.625 2015-10-18 13:21:44
19.625 2015-10-18 13:21:46
19.625 2015-10-18 13:21:48
19.562 2015-10-18 13:21:50
19.562 2015-10-18 13:21:52
19.562 2015-10-18 13:21:53
19.562 2015-10-18 13:21:55
19.562 2015-10-18 13:21:57
19.562 2015-10-18 13:21:59
19.562 2015-10-18 13:22:01
19.562 2015-10-18 13:22:02
19.562 2015-10-18 13:22:04
19.562 2015-10-18 13:22:06
19.562 2015-10-18 13:22:08
19.562 2015-10-18 13:22:10
19.562 2015-10-18 13:22:12
19.562 2015-10-18 13:22:13
19.562 2015-10-18 13:22:15
19.562 2015-10-18 13:22:17
19.562 2015-10-18 13:22:19
19.562 2015-10-18 13:22:21
19.562 2015-10-18 13:22:23
19.562 2015-10-18 13:22:24
19.562 2015-10-18 13:22:26
19.562 2015-10-18 13:22:28
19.562 2015-10-18 13:22:30
19.562 2015-10-18 13:22:32
19.562 2015-10-18 13:22:34
19.562 2015-10-18 13:22:35
19.562 2015-10-18 13:22:37
19.562 2015-10-18 13:22:39
19.562 2015-10-18 13:22:41
19.562 2015-10-18 13:22:43
19.562 2015-10-18 13:22:45
19.562 2015-10-18 13:22:46
19.562 2015-10-18 13:22:48
19.562 2015-10-18 13:22:50
19.562 2015-10-18 13:22:52
19.562 2015-10-18 13:22:54
19.562 2015-10-18 13:22:56
19.562 2015-10-18 13:22:57
19.562 2015-10-18 13:22:59
19.562 2015-10-18 13:23:01
19.562 2015-10-18 13:23:03
19.562 2015-10-18 13:23:05
19.562 2015-10-18 13:23:07
19.562 2015-10-18 13:23:08
19.562 2015-10-18 13:23:10
19.562 2015-10-18 13:23:12
19.562 2015-10-18 13:23:14
19.562 2015-10-18 13:23:16
19.562 2015-10-18 13:23:18
19.562 2015-10-18 13:23:19
19.562 2015-10-18 13:23:21
19.562 2015-10-18 13:23:23
19.562 2015-10-18 13:23:25
19.562 2015-10-18 13:23:27
19.562 2015-10-18 13:23:28
19.562 2015-10-18 13:23:30
19.562 2015-10-18 13:23:32
19.562 2015-10-18 13:23:34
19.562 2015-10-18 13:23:36
19.562 2015-10-18 13:23:38
19.562 2015-10-18 13:23:39
19.562 2015-10-18 13:23:41
19.562 2015-10-18 13:23:43
19.562 2015-10-18 13:23:45
19.562 2015-10-18 13:23:47
19.562 2015-10-18 13:23:49
19.562 2015-10-18 13:23:50
19.562 2015-10-18 13:23:52
19.562 2015-10-18 13:23:54
19.562 2015-10-18 13:23:56
19.562 2015-10-18 13:23:58
19.562 2015-10-18 13:24:00
19.562 2015-10-18 13:24:01
19.562 2015-10-18 13:24:03
19.562 2015-10-18 13:24:05
19.562 2015-10-18 13:24:07
19.562 2015-10-18 13:24:09
19.562 2015-10-18 13:24:11
19.562 2015-10-18 13:24:12
19.562 2015-10-18 13:24:14
19.562 2015-10-18 13:24:16
19.562 2015-10-18 13:24:18
19.562 2015-10-18 13:24:20
19.562 2015-10-18 13:24:22
19.562 2015-10-18 13:24:23
19.562 2015-10-18 13:24:25
19.562 2015-10-18 13:24:27
19.562 2015-10-18 13:24:29
19.562 2015-10-18 13:24:31
19.562 2015-10-18 13:24:33
19.562 2015-10-18 13:24:34
19.562 2015-10-18 13:24:36
19.562 2015-10-18 13:24:38
19.562 2015-10-18 13:24:40
19.562 2015-10-18 13:24:42
19.562 2015-10-18 13:24:44
19.562 2015-10-18 13:24:45
19.562 2015-10-18 13:24:47
19.562 2015-10-18 13:24:49
19.562 2015-10-18 13:24:51
19.562 2015-10-18 13:24:53
19.562 2015-10-18 13:24:54
19.562 2015-10-18 13:24:56
19.562 2015-10-18 13:24:58
19.562 2015-10-18 13:25:00
19.562 2015-10-18 13:25:02
19.562 2015-10-18 13:25:04
19.562 2015-10-18 13:25:05
19.562 2015-10-18 13:25:07
19.562 2015-10-18 13:25:09
19.562 2015-10-18 13:25:11
19.562 2015-10-18 13:25:13
19.562 2015-10-18 13:25:15
19.562 2015-10-18 13:25:16
19.562 2015-10-18 13:25:18
19.562 2015-10-18 13:25:20
19.562 2015-10-18 13:25:22
19.562 2015-10-18 13:25:24
19.562 2015-10-18 13:25:26
19.562 2015-10-18 13:25:27
19.562 2015-10-18 13:25:29
19.562 2015-10-18 13:25:31
19.562 2015-10-18 13:25:33
19.562 2015-10-18 13:25:35
19.562 2015-10-18 13:25:37
19.562 2015-10-18 13:25:38
19.562 2015-10-18 13:25:40
19.562 2015-10-18 13:25:42
19.562 2015-10-18 13:25:44
19.562 2015-10-18 13:25:46
19.562 2015-10-18 13:25:48
19.562 2015-10-18 13:25:49
19.562 2015-10-18 13:25:51
19.562 2015-10-18 13:25:53
19.562 2015-10-18 13:25:55
19.562 2015-10-18 13:25:57
19.562 2015-10-18 13:25:59
19.562 2015-10-18 13:26:00
19.562 2015-10-18 13:26:02
19.562 2015-10-18 13:26:04
19.562 2015-10-18 13:26:06
19.562 2015-10-18 13:26:08
19.562 2015-10-18 13:26:10
19.562 2015-10-18 13:26:11
19.562 2015-10-18 13:26:13
19.562 2015-10-18 13:26:15
19.562 2015-10-18 13:26:17
19.562 2015-10-18 13:26:19
19.562 2015-10-18 13:26:21
19.562 2015-10-18 13:26:22
19.562 2015-10-18 13:26:24
19.562 2015-10-18 13:26:26
19.562 2015-10-18 13:26:28
19.562 2015-10-18 13:26:30
19.562 2015-10-18 13:26:31
19.562 2015-10-18 13:26:33
19.562 2015-10-18 13:26:35
19.562 2015-10-18 13:26:37
19.562 2015-10-18 13:26:39
19.562 2015-10-18 13:26:41
19.562 2015-10-18 13:26:42
19.562 2015-10-18 13:26:44
19.562 2015-10-18 13:26:46
19.562 2015-10-18 13:26:48
19.562 2015-10-18 13:26:50
19.562 2015-10-18 13:26:52
19.562 2015-10-18 13:26:53
19.562 2015-10-18 13:26:55
19.562 2015-10-18 13:26:57
19.562 2015-10-18 13:26:59
19.562 2015-10-18 13:27:01
19.562 2015-10-18 13:27:03
19.562 2015-10-18 13:27:04
19.562 2015-10-18 13:27:06
19.562 2015-10-18 13:27:08
19.562 2015-10-18 13:27:10
19.562 2015-10-18 13:27:12
19.562 2015-10-18 13:27:14
19.562 2015-10-18 13:27:15
19.562 2015-10-18 13:27:17
19.562 2015-10-18 13:27:19
19.562 2015-10-18 13:27:21
19.562 2015-10-18 13:27:23
19.562 2015-10-18 13:27:25
19.562 2015-10-18 13:27:26
19.562 2015-10-18 13:27:28
19.562 2015-10-18 13:27:30
19.562 2015-10-18 13:27:32
19.562 2015-10-18 13:27:34
19.562 2015-10-18 13:27:36
19.562 2015-10-18 13:27:37
19.562 2015-10-18 13:27:39
19.562 2015-10-18 13:27:41
19.562 2015-10-18 13:27:43
19.562 2015-10-18 13:27:45
19.562 2015-10-18 13:27:47
19.562 2015-10-18 13:27:48
19.562 2015-10-18 13:27:50
19.562 2015-10-18 13:27:52
19.562 2015-10-18 13:27:54
19.562 2015-10-18 13:27:56
19.562 2015-10-18 13:27:58
19.562 2015-10-18 13:27:59
19.562 2015-10-18 13:28:01
19.562 2015-10-18 13:28:03